11:05:12,338 (main) DEBUG [DataNucleus.General] - Using PluginRegistry org.datanucleus.plugin.NonManagedPluginRegistry
11:05:12,396 (main) DEBUG [DataNucleus.General] - Registering bundle org.sonatype.inject version 2.3.0 at URL file:/C:/Users/oierf/.m2/repository/org/sonatype/sisu/sisu-inject-bean/2.3.0/sisu-inject-bean-2.3.0.jar.
11:05:12,433 (main) DEBUG [DataNucleus.General] - Leyendo extension-points y extensiones del archivo de plug-in jar:file:/C:/Users/oierf/.m2/repository/org/sonatype/sisu/sisu-inject-bean/2.3.0/sisu-inject-bean-2.3.0.jar!/plugin.xml.
11:05:12,437 (main) DEBUG [DataNucleus.General] - Registering bundle org.datanucleus version 5.2.10 at URL file:/C:/Users/oierf/.m2/repository/org/datanucleus/datanucleus-core/5.2.10/datanucleus-core-5.2.10.jar.
11:05:12,442 (main) DEBUG [DataNucleus.General] - Leyendo extension-points y extensiones del archivo de plug-in jar:file:/C:/Users/oierf/.m2/repository/org/datanucleus/datanucleus-core/5.2.10/datanucleus-core-5.2.10.jar!/plugin.xml.
11:05:12,455 (main) DEBUG [DataNucleus.General] - Registering bundle org.datanucleus.api.jdo version 5.2.8 at URL file:/C:/Users/oierf/.m2/repository/org/datanucleus/datanucleus-api-jdo/5.2.8/datanucleus-api-jdo-5.2.8.jar.
11:05:12,463 (main) DEBUG [DataNucleus.General] - Leyendo extension-points y extensiones del archivo de plug-in jar:file:/C:/Users/oierf/.m2/repository/org/datanucleus/datanucleus-api-jdo/5.2.8/datanucleus-api-jdo-5.2.8.jar!/plugin.xml.
11:05:12,468 (main) DEBUG [DataNucleus.General] - Registering bundle org.datanucleus.store.rdbms version 5.2.10 at URL file:/C:/Users/oierf/.m2/repository/org/datanucleus/datanucleus-rdbms/5.2.10/datanucleus-rdbms-5.2.10.jar.
11:05:12,471 (main) DEBUG [DataNucleus.General] - Leyendo extension-points y extensiones del archivo de plug-in jar:file:/C:/Users/oierf/.m2/repository/org/datanucleus/datanucleus-rdbms/5.2.10/datanucleus-rdbms-5.2.10.jar!/plugin.xml.
11:05:12,504 (main) DEBUG [DataNucleus.Persistence] - Tipos de Java inicializando ...
11:05:12,566 (main) DEBUG [DataNucleus.Persistence] - Soporte para tipos de Java listo : tipos soportados = [B, [C, [D, [F, [I, [J, [Ljava.lang.Boolean;, [Ljava.lang.Byte;, [Ljava.lang.Character;, [Ljava.lang.Double;, [Ljava.lang.Enum;, [Ljava.lang.Float;, [Ljava.lang.Integer;, [Ljava.lang.Long;, [Ljava.lang.Number;, [Ljava.lang.Object;, [Ljava.lang.Short;, [Ljava.lang.String;, [Ljava.math.BigDecimal;, [Ljava.math.BigInteger;, [Ljava.util.Date;, [Ljava.util.Locale;, [S, [Z, boolean, byte, char, double, float, int, java.awt.Color, java.awt.image.BufferedImage, java.lang.Boolean, java.lang.Byte, java.lang.Character, java.lang.Class, java.lang.Double, java.lang.Enum, java.lang.Float, java.lang.Integer, java.lang.Long, java.lang.Number, java.lang.Short, java.lang.String, java.lang.StringBuffer, java.lang.StringBuilder, java.math.BigDecimal, java.math.BigInteger, java.net.URI, java.net.URL, java.sql.Date, java.sql.Time, java.sql.Timestamp, java.time.Duration, java.time.Instant, java.time.LocalDate, java.time.LocalDateTime, java.time.LocalTime, java.time.MonthDay, java.time.OffsetDateTime, java.time.OffsetTime, java.time.Period, java.time.Year, java.time.YearMonth, java.time.ZonedDateTime, java.time.ZoneId, java.time.ZoneOffset, java.util.ArrayList, java.util.Arrays$ArrayList, java.util.BitSet, java.util.Calendar, java.util.Collection, java.util.Currency, java.util.Date, java.util.GregorianCalendar, java.util.HashMap, java.util.HashSet, java.util.Hashtable, java.util.LinkedHashMap, java.util.LinkedHashSet, java.util.LinkedList, java.util.List, java.util.Locale, java.util.Map, java.util.Optional, java.util.PriorityQueue, java.util.Properties, java.util.Queue, java.util.Set, java.util.SortedMap, java.util.SortedSet, java.util.Stack, java.util.TimeZone, java.util.TreeMap, java.util.TreeSet, java.util.UUID, java.util.Vector, long, short
11:05:12,566 (main) DEBUG [DataNucleus.Persistence] - Inicializando TypeConverters ...
11:05:12,604 (main) DEBUG [DataNucleus.Persistence] - TypeConverters listo
11:05:12,605 (main) DEBUG [DataNucleus.Persistence] - TypeConverter(s) available for byte[] to : java.nio.ByteBuffer
11:05:12,605 (main) DEBUG [DataNucleus.Persistence] - TypeConverter(s) available for char[] to : java.nio.ByteBuffer
11:05:12,605 (main) DEBUG [DataNucleus.Persistence] - TypeConverter(s) available for double[] to : java.nio.ByteBuffer
11:05:12,605 (main) DEBUG [DataNucleus.Persistence] - TypeConverter(s) available for float[] to : java.nio.ByteBuffer
11:05:12,605 (main) DEBUG [DataNucleus.Persistence] - TypeConverter(s) available for int[] to : java.nio.ByteBuffer
11:05:12,605 (main) DEBUG [DataNucleus.Persistence] - TypeConverter(s) available for long[] to : java.nio.ByteBuffer
11:05:12,605 (main) DEBUG [DataNucleus.Persistence] - TypeConverter(s) available for [Ljava.math.BigDecimal; to : java.nio.ByteBuffer
11:05:12,605 (main) DEBUG [DataNucleus.Persistence] - TypeConverter(s) available for [Ljava.math.BigInteger; to : java.nio.ByteBuffer
11:05:12,605 (main) DEBUG [DataNucleus.Persistence] - TypeConverter(s) available for short[] to : java.nio.ByteBuffer
11:05:12,605 (main) DEBUG [DataNucleus.Persistence] - TypeConverter(s) available for boolean[] to : java.nio.ByteBuffer
11:05:12,605 (main) DEBUG [DataNucleus.Persistence] - TypeConverter(s) available for java.awt.Color to : java.lang.String,int[]
11:05:12,605 (main) DEBUG [DataNucleus.Persistence] - TypeConverter(s) available for java.awt.image.BufferedImage to : java.nio.ByteBuffer,byte[]
11:05:12,605 (main) DEBUG [DataNucleus.Persistence] - TypeConverter(s) available for java.io.Serializable to : java.lang.String,java.nio.ByteBuffer,byte[]
11:05:12,605 (main) DEBUG [DataNucleus.Persistence] - TypeConverter(s) available for java.lang.Boolean to : java.lang.Integer,java.lang.Character
11:05:12,605 (main) DEBUG [DataNucleus.Persistence] - TypeConverter(s) available for java.lang.Character to : java.lang.String
11:05:12,605 (main) DEBUG [DataNucleus.Persistence] - TypeConverter(s) available for java.lang.Class to : java.lang.String
11:05:12,605 (main) DEBUG [DataNucleus.Persistence] - TypeConverter(s) available for java.lang.Integer to : java.lang.String
11:05:12,606 (main) DEBUG [DataNucleus.Persistence] - TypeConverter(s) available for java.lang.Long to : java.lang.String
11:05:12,606 (main) DEBUG [DataNucleus.Persistence] - TypeConverter(s) available for java.lang.StringBuffer to : java.lang.String
11:05:12,606 (main) DEBUG [DataNucleus.Persistence] - TypeConverter(s) available for java.lang.StringBuilder to : java.lang.String
11:05:12,606 (main) DEBUG [DataNucleus.Persistence] - TypeConverter(s) available for java.math.BigDecimal to : java.lang.String,java.lang.Double
11:05:12,606 (main) DEBUG [DataNucleus.Persistence] - TypeConverter(s) available for java.math.BigInteger to : java.lang.String,java.lang.Long
11:05:12,606 (main) DEBUG [DataNucleus.Persistence] - TypeConverter(s) available for java.net.URI to : java.lang.String
11:05:12,606 (main) DEBUG [DataNucleus.Persistence] - TypeConverter(s) available for java.net.URL to : java.lang.String
11:05:12,606 (main) DEBUG [DataNucleus.Persistence] - TypeConverter(s) available for java.sql.Date to : java.util.Date,java.lang.String,java.lang.Long
11:05:12,606 (main) DEBUG [DataNucleus.Persistence] - TypeConverter(s) available for java.sql.Time to : java.util.Date,java.lang.String,java.lang.Long
11:05:12,606 (main) DEBUG [DataNucleus.Persistence] - TypeConverter(s) available for java.sql.Timestamp to : java.util.Date,java.lang.String,java.lang.Long
11:05:12,606 (main) DEBUG [DataNucleus.Persistence] - TypeConverter(s) available for java.time.Duration to : java.lang.String,java.lang.Double,java.lang.Long
11:05:12,606 (main) DEBUG [DataNucleus.Persistence] - TypeConverter(s) available for java.time.Instant to : java.util.Date,java.lang.String,java.lang.Long,java.sql.Timestamp
11:05:12,606 (main) DEBUG [DataNucleus.Persistence] - TypeConverter(s) available for java.time.LocalDate to : java.sql.Date,java.util.Date,java.lang.String
11:05:12,606 (main) DEBUG [DataNucleus.Persistence] - TypeConverter(s) available for java.time.LocalDateTime to : java.util.Date,java.lang.String,java.sql.Timestamp
11:05:12,606 (main) DEBUG [DataNucleus.Persistence] - TypeConverter(s) available for java.time.LocalTime to : java.util.Date,java.lang.String,java.sql.Time,java.lang.Long
11:05:12,606 (main) DEBUG [DataNucleus.Persistence] - TypeConverter(s) available for java.time.MonthDay to : java.sql.Date,java.util.Date,java.lang.String,int[]
11:05:12,606 (main) DEBUG [DataNucleus.Persistence] - TypeConverter(s) available for java.time.OffsetDateTime to : java.util.Date,java.lang.String,java.sql.Timestamp
11:05:12,606 (main) DEBUG [DataNucleus.Persistence] - TypeConverter(s) available for java.time.OffsetTime to : java.lang.String,java.sql.Time,java.lang.Long
11:05:12,606 (main) DEBUG [DataNucleus.Persistence] - TypeConverter(s) available for java.time.Period to : java.lang.String,int[]
11:05:12,606 (main) DEBUG [DataNucleus.Persistence] - TypeConverter(s) available for java.time.Year to : java.lang.Integer,java.lang.String
11:05:12,606 (main) DEBUG [DataNucleus.Persistence] - TypeConverter(s) available for java.time.YearMonth to : java.sql.Date,java.util.Date,java.lang.String,int[]
11:05:12,606 (main) DEBUG [DataNucleus.Persistence] - TypeConverter(s) available for java.time.ZonedDateTime to : java.lang.String,java.sql.Timestamp
11:05:12,606 (main) DEBUG [DataNucleus.Persistence] - TypeConverter(s) available for java.time.ZoneId to : java.lang.String
11:05:12,606 (main) DEBUG [DataNucleus.Persistence] - TypeConverter(s) available for java.time.ZoneOffset to : java.lang.String
11:05:12,606 (main) DEBUG [DataNucleus.Persistence] - TypeConverter(s) available for java.util.BitSet to : java.lang.String
11:05:12,606 (main) DEBUG [DataNucleus.Persistence] - TypeConverter(s) available for java.util.Calendar to : [Ljava.lang.Object;,java.util.Date,java.lang.String,java.sql.Timestamp
11:05:12,606 (main) DEBUG [DataNucleus.Persistence] - TypeConverter(s) available for java.util.Currency to : java.lang.String
11:05:12,607 (main) DEBUG [DataNucleus.Persistence] - TypeConverter(s) available for java.util.Date to : java.lang.String,java.lang.Long
11:05:12,607 (main) DEBUG [DataNucleus.Persistence] - TypeConverter(s) available for java.util.Locale to : java.lang.String
11:05:12,607 (main) DEBUG [DataNucleus.Persistence] - TypeConverter(s) available for java.util.TimeZone to : java.lang.String
11:05:12,607 (main) DEBUG [DataNucleus.Persistence] - TypeConverter(s) available for java.util.UUID to : java.lang.String
11:05:12,608 (main) DEBUG [DataNucleus.MetaData] - MetaDataManager : Input=(XML,Annotations), XML-Validation=false, XML-Suffices=(persistence=*.jdo, orm=orm, query=*.jdoquery), JDO-listener=false
11:05:12,608 (main) INFO  [DataNucleus.Enhancer] - DataNucleus Enhancer (versión 5.2.10) para el API "JDO" utilisando el JRE "{2}"
11:05:12,608 (main) DEBUG [DataNucleus.Enhancer] - DataNucleus Enhancer : Classpath
11:05:12,609 (main) DEBUG [DataNucleus.Enhancer] - >>  C:\Users\oierf\.m2\repository\org\datanucleus\datanucleus-maven-plugin\5.0.2\datanucleus-maven-plugin-5.0.2.jar
11:05:12,609 (main) DEBUG [DataNucleus.Enhancer] - >>  C:\Users\oierf\.m2\repository\org\codehaus\plexus\plexus-utils\3.0.8\plexus-utils-3.0.8.jar
11:05:12,609 (main) DEBUG [DataNucleus.Enhancer] - >>  C:\Users\oierf\.m2\repository\org\apache\maven\maven-artifact\3.0.4\maven-artifact-3.0.4.jar
11:05:12,609 (main) DEBUG [DataNucleus.Enhancer] - >>  C:\Users\oierf\.m2\repository\org\apache\maven\maven-plugin-api\3.0.4\maven-plugin-api-3.0.4.jar
11:05:12,609 (main) DEBUG [DataNucleus.Enhancer] - >>  C:\Users\oierf\.m2\repository\org\apache\maven\maven-model\3.0.4\maven-model-3.0.4.jar
11:05:12,609 (main) DEBUG [DataNucleus.Enhancer] - >>  C:\Users\oierf\.m2\repository\org\sonatype\sisu\sisu-inject-plexus\2.3.0\sisu-inject-plexus-2.3.0.jar
11:05:12,609 (main) DEBUG [DataNucleus.Enhancer] - >>  C:\Users\oierf\.m2\repository\org\codehaus\plexus\plexus-component-annotations\1.5.5\plexus-component-annotations-1.5.5.jar
11:05:12,609 (main) DEBUG [DataNucleus.Enhancer] - >>  C:\Users\oierf\.m2\repository\org\sonatype\sisu\sisu-inject-bean\2.3.0\sisu-inject-bean-2.3.0.jar
11:05:12,609 (main) DEBUG [DataNucleus.Enhancer] - >>  C:\Users\oierf\.m2\repository\org\sonatype\sisu\sisu-guice\3.1.0\sisu-guice-3.1.0-no_aop.jar
11:05:12,609 (main) DEBUG [DataNucleus.Enhancer] - >>  C:\Users\oierf\.m2\repository\org\sonatype\sisu\sisu-guava\0.9.9\sisu-guava-0.9.9.jar
11:05:12,609 (main) DEBUG [DataNucleus.Enhancer] - >>  C:\Users\oierf\.m2\repository\org\codehaus\plexus\plexus-container-default\1.5.5\plexus-container-default-1.5.5.jar
11:05:12,609 (main) DEBUG [DataNucleus.Enhancer] - >>  C:\Users\oierf\.m2\repository\org\codehaus\plexus\plexus-classworlds\2.2.2\plexus-classworlds-2.2.2.jar
11:05:12,609 (main) DEBUG [DataNucleus.Enhancer] - >>  C:\Users\oierf\.m2\repository\org\apache\xbean\xbean-reflect\3.4\xbean-reflect-3.4.jar
11:05:12,609 (main) DEBUG [DataNucleus.Enhancer] - >>  C:\Users\oierf\.m2\repository\log4j\log4j\1.2.12\log4j-1.2.12.jar
11:05:12,609 (main) DEBUG [DataNucleus.Enhancer] - >>  C:\Users\oierf\.m2\repository\commons-logging\commons-logging-api\1.1\commons-logging-api-1.1.jar
11:05:12,609 (main) DEBUG [DataNucleus.Enhancer] - >>  C:\Users\oierf\.m2\repository\com\google\collections\google-collections\1.0\google-collections-1.0.jar
11:05:12,610 (main) DEBUG [DataNucleus.Enhancer] - >>  C:\Users\oierf\.m2\repository\junit\junit\3.8.2\junit-3.8.2.jar
11:05:12,610 (main) DEBUG [DataNucleus.Enhancer] - >>  C:\Users\oierf\git\spq-example\target\classes
11:05:12,610 (main) DEBUG [DataNucleus.Enhancer] - >>  C:\Users\oierf\.m2\repository\org\glassfish\jersey\containers\jersey-container-grizzly2-http\3.0.1\jersey-container-grizzly2-http-3.0.1.jar
11:05:12,610 (main) DEBUG [DataNucleus.Enhancer] - >>  C:\Users\oierf\.m2\repository\jakarta\inject\jakarta.inject-api\2.0.0\jakarta.inject-api-2.0.0.jar
11:05:12,610 (main) DEBUG [DataNucleus.Enhancer] - >>  C:\Users\oierf\.m2\repository\org\glassfish\grizzly\grizzly-http-server\3.0.0\grizzly-http-server-3.0.0.jar
11:05:12,610 (main) DEBUG [DataNucleus.Enhancer] - >>  C:\Users\oierf\.m2\repository\org\glassfish\grizzly\grizzly-http\3.0.0\grizzly-http-3.0.0.jar
11:05:12,610 (main) DEBUG [DataNucleus.Enhancer] - >>  C:\Users\oierf\.m2\repository\org\glassfish\grizzly\grizzly-framework\3.0.0\grizzly-framework-3.0.0.jar
11:05:12,610 (main) DEBUG [DataNucleus.Enhancer] - >>  C:\Users\oierf\.m2\repository\org\glassfish\jersey\core\jersey-common\3.0.1\jersey-common-3.0.1.jar
11:05:12,610 (main) DEBUG [DataNucleus.Enhancer] - >>  C:\Users\oierf\.m2\repository\jakarta\annotation\jakarta.annotation-api\2.0.0\jakarta.annotation-api-2.0.0.jar
11:05:12,610 (main) DEBUG [DataNucleus.Enhancer] - >>  C:\Users\oierf\.m2\repository\org\glassfish\hk2\osgi-resource-locator\1.0.3\osgi-resource-locator-1.0.3.jar
11:05:12,610 (main) DEBUG [DataNucleus.Enhancer] - >>  C:\Users\oierf\.m2\repository\org\glassfish\jersey\core\jersey-server\3.0.1\jersey-server-3.0.1.jar
11:05:12,610 (main) DEBUG [DataNucleus.Enhancer] - >>  C:\Users\oierf\.m2\repository\org\glassfish\jersey\core\jersey-client\3.0.1\jersey-client-3.0.1.jar
11:05:12,610 (main) DEBUG [DataNucleus.Enhancer] - >>  C:\Users\oierf\.m2\repository\jakarta\validation\jakarta.validation-api\3.0.0\jakarta.validation-api-3.0.0.jar
11:05:12,610 (main) DEBUG [DataNucleus.Enhancer] - >>  C:\Users\oierf\.m2\repository\jakarta\ws\rs\jakarta.ws.rs-api\3.0.0\jakarta.ws.rs-api-3.0.0.jar
11:05:12,611 (main) DEBUG [DataNucleus.Enhancer] - >>  C:\Users\oierf\.m2\repository\org\glassfish\jersey\inject\jersey-hk2\3.0.1\jersey-hk2-3.0.1.jar
11:05:12,611 (main) DEBUG [DataNucleus.Enhancer] - >>  C:\Users\oierf\.m2\repository\org\glassfish\hk2\hk2-locator\3.0.1\hk2-locator-3.0.1.jar
11:05:12,611 (main) DEBUG [DataNucleus.Enhancer] - >>  C:\Users\oierf\.m2\repository\org\glassfish\hk2\external\aopalliance-repackaged\3.0.1\aopalliance-repackaged-3.0.1.jar
11:05:12,611 (main) DEBUG [DataNucleus.Enhancer] - >>  C:\Users\oierf\.m2\repository\org\glassfish\hk2\hk2-api\3.0.1\hk2-api-3.0.1.jar
11:05:12,611 (main) DEBUG [DataNucleus.Enhancer] - >>  C:\Users\oierf\.m2\repository\org\glassfish\hk2\hk2-utils\3.0.1\hk2-utils-3.0.1.jar
11:05:12,611 (main) DEBUG [DataNucleus.Enhancer] - >>  C:\Users\oierf\.m2\repository\org\javassist\javassist\3.25.0-GA\javassist-3.25.0-GA.jar
11:05:12,611 (main) DEBUG [DataNucleus.Enhancer] - >>  C:\Users\oierf\.m2\repository\org\glassfish\jersey\media\jersey-media-json-binding\3.0.1\jersey-media-json-binding-3.0.1.jar
11:05:12,611 (main) DEBUG [DataNucleus.Enhancer] - >>  C:\Users\oierf\.m2\repository\jakarta\json\jakarta.json-api\2.0.0\jakarta.json-api-2.0.0.jar
11:05:12,611 (main) DEBUG [DataNucleus.Enhancer] - >>  C:\Users\oierf\.m2\repository\jakarta\json\bind\jakarta.json.bind-api\2.0.0\jakarta.json.bind-api-2.0.0.jar
11:05:12,611 (main) DEBUG [DataNucleus.Enhancer] - >>  C:\Users\oierf\.m2\repository\org\glassfish\jakarta.json\2.0.0\jakarta.json-2.0.0-module.jar
11:05:12,611 (main) DEBUG [DataNucleus.Enhancer] - >>  C:\Users\oierf\.m2\repository\org\eclipse\yasson\2.0.1\yasson-2.0.1.jar
11:05:12,611 (main) DEBUG [DataNucleus.Enhancer] - >>  C:\Users\oierf\.m2\repository\org\datanucleus\datanucleus-core\5.2.10\datanucleus-core-5.2.10.jar
11:05:12,611 (main) DEBUG [DataNucleus.Enhancer] - >>  C:\Users\oierf\.m2\repository\org\datanucleus\datanucleus-api-jdo\5.2.8\datanucleus-api-jdo-5.2.8.jar
11:05:12,611 (main) DEBUG [DataNucleus.Enhancer] - >>  C:\Users\oierf\.m2\repository\org\datanucleus\datanucleus-rdbms\5.2.10\datanucleus-rdbms-5.2.10.jar
11:05:12,611 (main) DEBUG [DataNucleus.Enhancer] - >>  C:\Users\oierf\.m2\repository\org\datanucleus\javax.jdo\3.2.0-release\javax.jdo-3.2.0-release.jar
11:05:12,612 (main) DEBUG [DataNucleus.Enhancer] - >>  C:\Users\oierf\.m2\repository\javax\transaction\javax.transaction-api\1.3\javax.transaction-api-1.3.jar
11:05:12,612 (main) DEBUG [DataNucleus.Enhancer] - >>  C:\Users\oierf\.m2\repository\org\glassfish\corba\glassfish-corba-omgapi\4.2.2\glassfish-corba-omgapi-4.2.2.jar
11:05:12,612 (main) DEBUG [DataNucleus.Enhancer] - >>  C:\Users\oierf\.m2\repository\mysql\mysql-connector-java\8.0.23\mysql-connector-java-8.0.23.jar
11:05:12,612 (main) DEBUG [DataNucleus.Enhancer] - >>  C:\Users\oierf\.m2\repository\com\google\protobuf\protobuf-java\3.11.4\protobuf-java-3.11.4.jar
11:05:12,612 (main) DEBUG [DataNucleus.Enhancer] - >>  C:\Users\oierf\.m2\repository\log4j\log4j\1.2.17\log4j-1.2.17.jar
11:05:12,612 (main) DEBUG [DataNucleus.Enhancer] - Reading fileListFile: C:\Users\oierf\AppData\Local\Temp\enhancer-5340611160058157579.flf
11:05:12,613 (main) DEBUG [DataNucleus.Enhancer] - Enhancing classes
11:05:12,624 (main) DEBUG [DataNucleus.MetaData] - MetaData Management : Carga de Metadata de las clases "[com.example.ClientApp$1$1, com.example.ClientApp$1, com.example.ClientApp$2, com.example.ClientApp$3, com.example.ClientApp$4, com.example.ClientApp, com.example.Main, com.example.MyResource, com.example.User, com.example.UsersResource, com.example.util.PrepareData]" ...
11:05:12,627 (main) DEBUG [DataNucleus.MetaData] - No encontramos el MetaData del tipo "jdo" por la clase "com.example.ClientApp$1$1" en /META-INF/package.jdo
11:05:12,628 (main) DEBUG [DataNucleus.MetaData] - No encontramos el MetaData del tipo "jdo" por la clase "com.example.ClientApp$1$1" en /WEB-INF/package.jdo
11:05:12,628 (main) DEBUG [DataNucleus.MetaData] - No encontramos el MetaData del tipo "jdo" por la clase "com.example.ClientApp$1$1" en /package.jdo
11:05:12,629 (main) DEBUG [DataNucleus.MetaData] - No encontramos el MetaData del tipo "jdo" por la clase "com.example.ClientApp$1$1" en /com/package.jdo
11:05:12,629 (main) DEBUG [DataNucleus.MetaData] - No encontramos el MetaData del tipo "jdo" por la clase "com.example.ClientApp$1$1" en /com/example/package.jdo
11:05:12,629 (main) DEBUG [DataNucleus.MetaData] - No encontramos el MetaData del tipo "jdo" por la clase "com.example.ClientApp$1$1" en /com/example/ClientApp$1$1.jdo
11:05:12,629 (main) DEBUG [DataNucleus.MetaData] - No hemos encontrado el MetaData del tipo "jdo" por la clase "com.example.ClientApp$1$1"
11:05:12,629 (main) DEBUG [DataNucleus.MetaData] - Registrando la clase "com.example.ClientApp$1$1" no tener Meta-Data
11:05:12,629 (main) DEBUG [DataNucleus.MetaData] - La clase "com.example.ClientApp$1$1" no tiene MetaData o annotaciones.
11:05:12,630 (main) DEBUG [DataNucleus.MetaData] - No encontramos el MetaData del tipo "jdo" por la clase "com.example.ClientApp$1" en /META-INF/package.jdo
11:05:12,631 (main) DEBUG [DataNucleus.MetaData] - No encontramos el MetaData del tipo "jdo" por la clase "com.example.ClientApp$1" en /WEB-INF/package.jdo
11:05:12,631 (main) DEBUG [DataNucleus.MetaData] - No encontramos el MetaData del tipo "jdo" por la clase "com.example.ClientApp$1" en /package.jdo
11:05:12,631 (main) DEBUG [DataNucleus.MetaData] - No encontramos el MetaData del tipo "jdo" por la clase "com.example.ClientApp$1" en /com/package.jdo
11:05:12,632 (main) DEBUG [DataNucleus.MetaData] - No encontramos el MetaData del tipo "jdo" por la clase "com.example.ClientApp$1" en /com/example/package.jdo
11:05:12,632 (main) DEBUG [DataNucleus.MetaData] - No encontramos el MetaData del tipo "jdo" por la clase "com.example.ClientApp$1" en /com/example/ClientApp$1.jdo
11:05:12,632 (main) DEBUG [DataNucleus.MetaData] - No hemos encontrado el MetaData del tipo "jdo" por la clase "com.example.ClientApp$1"
11:05:12,632 (main) DEBUG [DataNucleus.MetaData] - Registrando la clase "com.example.ClientApp$1" no tener Meta-Data
11:05:12,632 (main) DEBUG [DataNucleus.MetaData] - La clase "com.example.ClientApp$1" no tiene MetaData o annotaciones.
11:05:12,633 (main) DEBUG [DataNucleus.MetaData] - No encontramos el MetaData del tipo "jdo" por la clase "com.example.ClientApp$2" en /META-INF/package.jdo
11:05:12,633 (main) DEBUG [DataNucleus.MetaData] - No encontramos el MetaData del tipo "jdo" por la clase "com.example.ClientApp$2" en /WEB-INF/package.jdo
11:05:12,633 (main) DEBUG [DataNucleus.MetaData] - No encontramos el MetaData del tipo "jdo" por la clase "com.example.ClientApp$2" en /package.jdo
11:05:12,633 (main) DEBUG [DataNucleus.MetaData] - No encontramos el MetaData del tipo "jdo" por la clase "com.example.ClientApp$2" en /com/package.jdo
11:05:12,634 (main) DEBUG [DataNucleus.MetaData] - No encontramos el MetaData del tipo "jdo" por la clase "com.example.ClientApp$2" en /com/example/package.jdo
11:05:12,634 (main) DEBUG [DataNucleus.MetaData] - No encontramos el MetaData del tipo "jdo" por la clase "com.example.ClientApp$2" en /com/example/ClientApp$2.jdo
11:05:12,634 (main) DEBUG [DataNucleus.MetaData] - No hemos encontrado el MetaData del tipo "jdo" por la clase "com.example.ClientApp$2"
11:05:12,634 (main) DEBUG [DataNucleus.MetaData] - Registrando la clase "com.example.ClientApp$2" no tener Meta-Data
11:05:12,634 (main) DEBUG [DataNucleus.MetaData] - La clase "com.example.ClientApp$2" no tiene MetaData o annotaciones.
11:05:12,635 (main) DEBUG [DataNucleus.MetaData] - No encontramos el MetaData del tipo "jdo" por la clase "com.example.ClientApp$3" en /META-INF/package.jdo
11:05:12,635 (main) DEBUG [DataNucleus.MetaData] - No encontramos el MetaData del tipo "jdo" por la clase "com.example.ClientApp$3" en /WEB-INF/package.jdo
11:05:12,635 (main) DEBUG [DataNucleus.MetaData] - No encontramos el MetaData del tipo "jdo" por la clase "com.example.ClientApp$3" en /package.jdo
11:05:12,635 (main) DEBUG [DataNucleus.MetaData] - No encontramos el MetaData del tipo "jdo" por la clase "com.example.ClientApp$3" en /com/package.jdo
11:05:12,636 (main) DEBUG [DataNucleus.MetaData] - No encontramos el MetaData del tipo "jdo" por la clase "com.example.ClientApp$3" en /com/example/package.jdo
11:05:12,636 (main) DEBUG [DataNucleus.MetaData] - No encontramos el MetaData del tipo "jdo" por la clase "com.example.ClientApp$3" en /com/example/ClientApp$3.jdo
11:05:12,636 (main) DEBUG [DataNucleus.MetaData] - No hemos encontrado el MetaData del tipo "jdo" por la clase "com.example.ClientApp$3"
11:05:12,636 (main) DEBUG [DataNucleus.MetaData] - Registrando la clase "com.example.ClientApp$3" no tener Meta-Data
11:05:12,636 (main) DEBUG [DataNucleus.MetaData] - La clase "com.example.ClientApp$3" no tiene MetaData o annotaciones.
11:05:12,637 (main) DEBUG [DataNucleus.MetaData] - No encontramos el MetaData del tipo "jdo" por la clase "com.example.ClientApp$4" en /META-INF/package.jdo
11:05:12,637 (main) DEBUG [DataNucleus.MetaData] - No encontramos el MetaData del tipo "jdo" por la clase "com.example.ClientApp$4" en /WEB-INF/package.jdo
11:05:12,637 (main) DEBUG [DataNucleus.MetaData] - No encontramos el MetaData del tipo "jdo" por la clase "com.example.ClientApp$4" en /package.jdo
11:05:12,637 (main) DEBUG [DataNucleus.MetaData] - No encontramos el MetaData del tipo "jdo" por la clase "com.example.ClientApp$4" en /com/package.jdo
11:05:12,638 (main) DEBUG [DataNucleus.MetaData] - No encontramos el MetaData del tipo "jdo" por la clase "com.example.ClientApp$4" en /com/example/package.jdo
11:05:12,640 (main) DEBUG [DataNucleus.MetaData] - No encontramos el MetaData del tipo "jdo" por la clase "com.example.ClientApp$4" en /com/example/ClientApp$4.jdo
11:05:12,640 (main) DEBUG [DataNucleus.MetaData] - No hemos encontrado el MetaData del tipo "jdo" por la clase "com.example.ClientApp$4"
11:05:12,640 (main) DEBUG [DataNucleus.MetaData] - Registrando la clase "com.example.ClientApp$4" no tener Meta-Data
11:05:12,640 (main) DEBUG [DataNucleus.MetaData] - La clase "com.example.ClientApp$4" no tiene MetaData o annotaciones.
11:05:12,648 (main) DEBUG [DataNucleus.MetaData] - No encontramos el MetaData del tipo "jdo" por la clase "com.example.ClientApp" en /META-INF/package.jdo
11:05:12,648 (main) DEBUG [DataNucleus.MetaData] - No encontramos el MetaData del tipo "jdo" por la clase "com.example.ClientApp" en /WEB-INF/package.jdo
11:05:12,648 (main) DEBUG [DataNucleus.MetaData] - No encontramos el MetaData del tipo "jdo" por la clase "com.example.ClientApp" en /package.jdo
11:05:12,649 (main) DEBUG [DataNucleus.MetaData] - No encontramos el MetaData del tipo "jdo" por la clase "com.example.ClientApp" en /com/package.jdo
11:05:12,649 (main) DEBUG [DataNucleus.MetaData] - No encontramos el MetaData del tipo "jdo" por la clase "com.example.ClientApp" en /com/example/package.jdo
11:05:12,649 (main) DEBUG [DataNucleus.MetaData] - No encontramos el MetaData del tipo "jdo" por la clase "com.example.ClientApp" en /com/example/ClientApp.jdo
11:05:12,649 (main) DEBUG [DataNucleus.MetaData] - No hemos encontrado el MetaData del tipo "jdo" por la clase "com.example.ClientApp"
11:05:12,649 (main) DEBUG [DataNucleus.MetaData] - Registrando la clase "com.example.ClientApp" no tener Meta-Data
11:05:12,649 (main) DEBUG [DataNucleus.MetaData] - La clase "com.example.ClientApp" no tiene MetaData o annotaciones.
11:05:12,650 (main) DEBUG [DataNucleus.MetaData] - No encontramos el MetaData del tipo "jdo" por la clase "com.example.Main" en /META-INF/package.jdo
11:05:12,650 (main) DEBUG [DataNucleus.MetaData] - No encontramos el MetaData del tipo "jdo" por la clase "com.example.Main" en /WEB-INF/package.jdo
11:05:12,651 (main) DEBUG [DataNucleus.MetaData] - No encontramos el MetaData del tipo "jdo" por la clase "com.example.Main" en /package.jdo
11:05:12,651 (main) DEBUG [DataNucleus.MetaData] - No encontramos el MetaData del tipo "jdo" por la clase "com.example.Main" en /com/package.jdo
11:05:12,651 (main) DEBUG [DataNucleus.MetaData] - No encontramos el MetaData del tipo "jdo" por la clase "com.example.Main" en /com/example/package.jdo
11:05:12,652 (main) DEBUG [DataNucleus.MetaData] - No encontramos el MetaData del tipo "jdo" por la clase "com.example.Main" en /com/example/Main.jdo
11:05:12,652 (main) DEBUG [DataNucleus.MetaData] - No hemos encontrado el MetaData del tipo "jdo" por la clase "com.example.Main"
11:05:12,652 (main) DEBUG [DataNucleus.MetaData] - Registrando la clase "com.example.Main" no tener Meta-Data
11:05:12,652 (main) DEBUG [DataNucleus.MetaData] - La clase "com.example.Main" no tiene MetaData o annotaciones.
11:05:12,657 (main) DEBUG [DataNucleus.MetaData] - Clase "com.example.MyResource" tiene anotaciones pero no hay ningún AnnotationReader registrado para este tipo de anotaciones. Por favor compruebe el CLASSPATH y las anotaciones para validez.
11:05:12,657 (main) DEBUG [DataNucleus.MetaData] - No encontramos el MetaData del tipo "jdo" por la clase "com.example.MyResource" en /META-INF/package.jdo
11:05:12,658 (main) DEBUG [DataNucleus.MetaData] - No encontramos el MetaData del tipo "jdo" por la clase "com.example.MyResource" en /WEB-INF/package.jdo
11:05:12,658 (main) DEBUG [DataNucleus.MetaData] - No encontramos el MetaData del tipo "jdo" por la clase "com.example.MyResource" en /package.jdo
11:05:12,658 (main) DEBUG [DataNucleus.MetaData] - No encontramos el MetaData del tipo "jdo" por la clase "com.example.MyResource" en /com/package.jdo
11:05:12,658 (main) DEBUG [DataNucleus.MetaData] - No encontramos el MetaData del tipo "jdo" por la clase "com.example.MyResource" en /com/example/package.jdo
11:05:12,659 (main) DEBUG [DataNucleus.MetaData] - No encontramos el MetaData del tipo "jdo" por la clase "com.example.MyResource" en /com/example/MyResource.jdo
11:05:12,659 (main) DEBUG [DataNucleus.MetaData] - No hemos encontrado el MetaData del tipo "jdo" por la clase "com.example.MyResource"
11:05:12,659 (main) DEBUG [DataNucleus.MetaData] - Clase "com.example.MyResource" tiene anotaciones pero no hay ningún AnnotationReader registrado para este tipo de anotaciones. Por favor compruebe el CLASSPATH y las anotaciones para validez.
11:05:12,659 (main) DEBUG [DataNucleus.MetaData] - Registrando la clase "com.example.MyResource" no tener Meta-Data
11:05:12,659 (main) DEBUG [DataNucleus.MetaData] - La clase "com.example.MyResource" no tiene MetaData o annotaciones.
11:05:12,692 (main) DEBUG [DataNucleus.MetaData] - Clase "com.example.User" tiene anotaciones de JDO y vamos a usarlas.
11:05:12,703 (main) DEBUG [DataNucleus.MetaData] - Clase "com.example.UsersResource" tiene anotaciones pero no hay ningún AnnotationReader registrado para este tipo de anotaciones. Por favor compruebe el CLASSPATH y las anotaciones para validez.
11:05:12,703 (main) DEBUG [DataNucleus.MetaData] - No encontramos el MetaData del tipo "jdo" por la clase "com.example.UsersResource" en /META-INF/package.jdo
11:05:12,704 (main) DEBUG [DataNucleus.MetaData] - No encontramos el MetaData del tipo "jdo" por la clase "com.example.UsersResource" en /WEB-INF/package.jdo
11:05:12,704 (main) DEBUG [DataNucleus.MetaData] - No encontramos el MetaData del tipo "jdo" por la clase "com.example.UsersResource" en /package.jdo
11:05:12,704 (main) DEBUG [DataNucleus.MetaData] - No encontramos el MetaData del tipo "jdo" por la clase "com.example.UsersResource" en /com/package.jdo
11:05:12,704 (main) DEBUG [DataNucleus.MetaData] - No encontramos el MetaData del tipo "jdo" por la clase "com.example.UsersResource" en /com/example/package.jdo
11:05:12,705 (main) DEBUG [DataNucleus.MetaData] - No encontramos el MetaData del tipo "jdo" por la clase "com.example.UsersResource" en /com/example/UsersResource.jdo
11:05:12,705 (main) DEBUG [DataNucleus.MetaData] - No hemos encontrado el MetaData del tipo "jdo" por la clase "com.example.UsersResource"
11:05:12,705 (main) DEBUG [DataNucleus.MetaData] - Clase "com.example.UsersResource" tiene anotaciones pero no hay ningún AnnotationReader registrado para este tipo de anotaciones. Por favor compruebe el CLASSPATH y las anotaciones para validez.
11:05:12,705 (main) DEBUG [DataNucleus.MetaData] - Registrando la clase "com.example.UsersResource" no tener Meta-Data
11:05:12,705 (main) DEBUG [DataNucleus.MetaData] - La clase "com.example.UsersResource" no tiene MetaData o annotaciones.
11:05:12,705 (main) DEBUG [DataNucleus.MetaData] - No encontramos el MetaData del tipo "jdo" por la clase "com.example.util.PrepareData" en /META-INF/package.jdo
11:05:12,706 (main) DEBUG [DataNucleus.MetaData] - No encontramos el MetaData del tipo "jdo" por la clase "com.example.util.PrepareData" en /WEB-INF/package.jdo
11:05:12,706 (main) DEBUG [DataNucleus.MetaData] - No encontramos el MetaData del tipo "jdo" por la clase "com.example.util.PrepareData" en /package.jdo
11:05:12,706 (main) DEBUG [DataNucleus.MetaData] - No encontramos el MetaData del tipo "jdo" por la clase "com.example.util.PrepareData" en /com/package.jdo
11:05:12,706 (main) DEBUG [DataNucleus.MetaData] - No encontramos el MetaData del tipo "jdo" por la clase "com.example.util.PrepareData" en /com/example/package.jdo
11:05:12,707 (main) DEBUG [DataNucleus.MetaData] - No encontramos el MetaData del tipo "jdo" por la clase "com.example.util.PrepareData" en /com/example/util/package.jdo
11:05:12,707 (main) DEBUG [DataNucleus.MetaData] - No encontramos el MetaData del tipo "jdo" por la clase "com.example.util.PrepareData" en /com/example/util/PrepareData.jdo
11:05:12,707 (main) DEBUG [DataNucleus.MetaData] - No hemos encontrado el MetaData del tipo "jdo" por la clase "com.example.util.PrepareData"
11:05:12,707 (main) DEBUG [DataNucleus.MetaData] - Registrando la clase "com.example.util.PrepareData" no tener Meta-Data
11:05:12,707 (main) DEBUG [DataNucleus.MetaData] - La clase "com.example.util.PrepareData" no tiene MetaData o annotaciones.
11:05:12,707 (main) DEBUG [DataNucleus.MetaData] - Populación del MetaData ...
11:05:12,707 (main) DEBUG [DataNucleus.MetaData] - Clase "com.example.User" : Populando Meta-Data
11:05:12,708 (main) DEBUG [DataNucleus.MetaData] - Clase "com.example.User" campo "name" : añadiendo el Meta-Data por el campo como no estaba en la definición de Meta-Data.
11:05:12,708 (main) DEBUG [DataNucleus.MetaData] - Clase "com.example.User" campo "surname" : añadiendo el Meta-Data por el campo como no estaba en la definición de Meta-Data.
11:05:12,708 (main) DEBUG [DataNucleus.MetaData] - Inicialisación del MetaData ...
11:05:12,709 (main) DEBUG [DataNucleus.MetaData] - Clase "com.example.User" : Inicializando Meta-Data
11:05:12,711 (main) DEBUG [DataNucleus.MetaData] - MetaData Management : Carga de Metadata ya ha terminado
11:05:12,714 (main) DEBUG [DataNucleus.Enhancer] - Enhance de la clase "com.example.User" empezando ...
11:05:12,730 (main) DEBUG [DataNucleus.Enhancer] - La clase "com.example.User" no implementa el interfaz "org.datanucleus.enhancement.Persistable"!
11:05:12,731 (main) DEBUG [DataNucleus.Enhancer] - La clase "com.example.User" no tiene el campo "dnStateManager" pero lo necesita
11:05:12,731 (main) DEBUG [DataNucleus.Enhancer] - La clase "com.example.User" no tiene el campo "dnInheritedFieldCount" pero lo necesita
11:05:12,731 (main) DEBUG [DataNucleus.Enhancer] - La clase "com.example.User" no tiene el campo "dnFlags" pero lo necesita
11:05:12,731 (main) DEBUG [DataNucleus.Enhancer] - La clase "com.example.User" no tiene el campo "dnFieldNames" pero lo necesita
11:05:12,731 (main) DEBUG [DataNucleus.Enhancer] - La clase "com.example.User" no tiene el metodo "dnReplaceField" pero lo necesita
11:05:12,731 (main) DEBUG [DataNucleus.Enhancer] - La clase "com.example.User" no tiene el metodo "dnGetStateManager" pero lo necesita
11:05:12,731 (main) DEBUG [DataNucleus.Enhancer] - La clase "com.example.User" no tiene el metodo "dnIsTransactional" pero lo necesita
11:05:12,731 (main) DEBUG [DataNucleus.Enhancer] - La clase "com.example.User" no tiene el metodo "dnNewInstance" pero lo necesita
11:05:12,731 (main) DEBUG [DataNucleus.Enhancer] - La clase "com.example.User" no tiene el metodo "dnNewInstance" pero lo necesita
11:05:12,731 (main) DEBUG [DataNucleus.Enhancer] - La clase "com.example.User" no tiene el metodo "dnProvideFields" pero lo necesita
11:05:12,731 (main) DEBUG [DataNucleus.Enhancer] - La clase "com.example.User" no tiene el metodo "___dn$loadClass" pero lo necesita
11:05:12,731 (main) DEBUG [DataNucleus.Enhancer] - La clase "com.example.User" no tiene el metodo "dnGetManagedFieldCount" pero lo necesita
11:05:12,731 (main) DEBUG [DataNucleus.Enhancer] - La clase "com.example.User" no tiene el metodo "dnIsDirty" pero lo necesita
11:05:12,731 (main) DEBUG [DataNucleus.Enhancer] - La clase "com.example.User" no tiene el metodo "dnReplaceStateManager" pero lo necesita
11:05:12,731 (main) DEBUG [DataNucleus.Enhancer] - La clase "com.example.User" no tiene el metodo "dnReplaceFlags" pero lo necesita
11:05:12,731 (main) DEBUG [DataNucleus.Enhancer] - La clase "com.example.User" no tiene el metodo "dnIsDetached" pero lo necesita
11:05:12,731 (main) DEBUG [DataNucleus.Enhancer] - La clase "com.example.User" no tiene el metodo "dnMakeDirty" pero lo necesita
11:05:12,731 (main) DEBUG [DataNucleus.Enhancer] - La clase "com.example.User" no tiene el metodo "dnIsDeleted" pero lo necesita
11:05:12,731 (main) DEBUG [DataNucleus.Enhancer] - La clase "com.example.User" no tiene el metodo "dnProvideField" pero lo necesita
11:05:12,731 (main) DEBUG [DataNucleus.Enhancer] - La clase "com.example.User" no tiene el metodo "dnPreSerialize" pero lo necesita
11:05:12,731 (main) DEBUG [DataNucleus.Enhancer] - La clase "com.example.User" no tiene el metodo "dnGetObjectId" pero lo necesita
11:05:12,731 (main) DEBUG [DataNucleus.Enhancer] - La clase "com.example.User" no tiene el metodo "dnGetVersion" pero lo necesita
11:05:12,731 (main) DEBUG [DataNucleus.Enhancer] - La clase "com.example.User" no tiene el metodo "dnGetTransactionalObjectId" pero lo necesita
11:05:12,731 (main) DEBUG [DataNucleus.Enhancer] - La clase "com.example.User" no tiene el metodo "dnIsNew" pero lo necesita
11:05:12,732 (main) DEBUG [DataNucleus.Enhancer] - La clase "com.example.User" no tiene el metodo "dnCopyKeyFieldsToObjectId" pero lo necesita
11:05:12,732 (main) DEBUG [DataNucleus.Enhancer] - La clase "com.example.User" no tiene el metodo "dnCopyKeyFieldsToObjectId" pero lo necesita
11:05:12,732 (main) DEBUG [DataNucleus.Enhancer] - La clase "com.example.User" no tiene el metodo "dnCopyField" pero lo necesita
11:05:12,732 (main) DEBUG [DataNucleus.Enhancer] - La clase "com.example.User" no tiene el metodo "dnCopyKeyFieldsFromObjectId" pero lo necesita
11:05:12,732 (main) DEBUG [DataNucleus.Enhancer] - La clase "com.example.User" no tiene el metodo "dnCopyKeyFieldsFromObjectId" pero lo necesita
11:05:12,732 (main) DEBUG [DataNucleus.Enhancer] - La clase "com.example.User" no tiene el metodo "dnGetExecutionContext" pero lo necesita
11:05:12,732 (main) DEBUG [DataNucleus.Enhancer] - La clase "com.example.User" no tiene el metodo "dnCopyFields" pero lo necesita
11:05:12,732 (main) DEBUG [DataNucleus.Enhancer] - La clase "com.example.User" no tiene el metodo "__dnGetInheritedFieldCount" pero lo necesita
11:05:12,732 (main) DEBUG [DataNucleus.Enhancer] - La clase "com.example.User" no tiene el metodo "dnNewObjectIdInstance" pero lo necesita
11:05:12,732 (main) DEBUG [DataNucleus.Enhancer] - La clase "com.example.User" no tiene el metodo "dnNewObjectIdInstance" pero lo necesita
11:05:12,732 (main) DEBUG [DataNucleus.Enhancer] - La clase "com.example.User" no tiene el metodo "dnIsPersistent" pero lo necesita
11:05:12,732 (main) DEBUG [DataNucleus.Enhancer] - La clase "com.example.User" no tiene el metodo "dnReplaceFields" pero lo necesita
11:05:12,732 (main) DEBUG [DataNucleus.Enhancer] - La clase "com.example.User" no tiene el metodo "__dnFieldNamesInit" pero lo necesita
11:05:12,743 (main) DEBUG [DataNucleus.Enhancer] - Agregando el interfaz: org.datanucleus.enhancement.Persistable
11:05:12,749 (main) DEBUG [DataNucleus.Enhancer] - Enhancing metodo original com.example.User.<init> : ignorando enhance de set del campo "com.example.User.name"
11:05:12,749 (main) DEBUG [DataNucleus.Enhancer] - Enhancing metodo original com.example.User.<init> : ignorando enhance de set del campo "com.example.User.surname"
11:05:12,749 (main) DEBUG [DataNucleus.Enhancer] - Enhancing metodo original com.example.User.setCode, cambiando el uso del campo "com.example.User.code" para utilisar "dnSetcode()"
11:05:12,749 (main) DEBUG [DataNucleus.Enhancer] - Enhancing metodo original com.example.User.getCode, cambiando el uso del campo "com.example.User.code" para utilisar "dnGetcode()"
11:05:12,749 (main) DEBUG [DataNucleus.Enhancer] - Enhancing metodo original com.example.User.setName, cambiando el uso del campo "com.example.User.name" para utilisar "dnSetname()"
11:05:12,749 (main) DEBUG [DataNucleus.Enhancer] - Enhancing metodo original com.example.User.getName, cambiando el uso del campo "com.example.User.name" para utilisar "dnGetname()"
11:05:12,749 (main) DEBUG [DataNucleus.Enhancer] - Enhancing metodo original com.example.User.getSurname, cambiando el uso del campo "com.example.User.surname" para utilisar "dnGetsurname()"
11:05:12,749 (main) DEBUG [DataNucleus.Enhancer] - Enhancing metodo original com.example.User.setSurname, cambiando el uso del campo "com.example.User.surname" para utilisar "dnSetsurname()"
11:05:12,750 (main) DEBUG [DataNucleus.Enhancer] - Enhancing metodo original com.example.User.toString, cambiando el uso del campo "com.example.User.surname" para utilisar "dnGetsurname()"
11:05:12,750 (main) DEBUG [DataNucleus.Enhancer] - Enhancing metodo original com.example.User.toString, cambiando el uso del campo "com.example.User.name" para utilisar "dnGetname()"
11:05:12,750 (main) DEBUG [DataNucleus.Enhancer] - Agregando el campo "org.datanucleus.enhancement.StateManager dnStateManager"
11:05:12,750 (main) DEBUG [DataNucleus.Enhancer] - Agregando el campo "byte dnFlags"
11:05:12,750 (main) DEBUG [DataNucleus.Enhancer] - Agregando el campo "[Ljava.lang.String; dnFieldNames"
11:05:12,750 (main) DEBUG [DataNucleus.Enhancer] - Agregando el campo "int dnInheritedFieldCount"
11:05:12,750 (main) DEBUG [DataNucleus.Enhancer] - Agregando el metodo "void <clinit>()"
11:05:12,751 (main) DEBUG [DataNucleus.Enhancer] - Agregando el metodo "void dnCopyKeyFieldsFromObjectId(org.datanucleus.enhancement.Persistable$ObjectIdFieldConsumer fc, java.lang.Object oid)"
11:05:12,751 (main) DEBUG [DataNucleus.Enhancer] - Agregando el metodo "void dnCopyKeyFieldsFromObjectId(java.lang.Object oid)"
11:05:12,751 (main) DEBUG [DataNucleus.Enhancer] - Agregando el metodo "void dnCopyKeyFieldsToObjectId(java.lang.Object oid)"
11:05:12,752 (main) DEBUG [DataNucleus.Enhancer] - Agregando el metodo "void dnCopyKeyFieldsToObjectId(org.datanucleus.enhancement.Persistable$ObjectIdFieldSupplier fs, java.lang.Object oid)"
11:05:12,752 (main) DEBUG [DataNucleus.Enhancer] - Agregando el metodo "java.lang.Object dnGetObjectId()"
11:05:12,752 (main) DEBUG [DataNucleus.Enhancer] - Agregando el metodo "java.lang.Object dnGetVersion()"
11:05:12,752 (main) DEBUG [DataNucleus.Enhancer] - Agregando el metodo "void dnPreSerialize()"
11:05:12,753 (main) DEBUG [DataNucleus.Enhancer] - Agregando el metodo "org.datanucleus.enhancement.ExecutionContextReference dnGetExecutionContext()"
11:05:12,753 (main) DEBUG [DataNucleus.Enhancer] - Agregando el metodo "org.datanucleus.enhancement.StateManager dnGetStateManager()"
11:05:12,753 (main) DEBUG [DataNucleus.Enhancer] - Agregando el metodo "java.lang.Object dnGetTransactionalObjectId()"
11:05:12,753 (main) DEBUG [DataNucleus.Enhancer] - Agregando el metodo "boolean dnIsDeleted()"
11:05:12,753 (main) DEBUG [DataNucleus.Enhancer] - Agregando el metodo "boolean dnIsDirty()"
11:05:12,753 (main) DEBUG [DataNucleus.Enhancer] - Agregando el metodo "boolean dnIsNew()"
11:05:12,753 (main) DEBUG [DataNucleus.Enhancer] - Agregando el metodo "boolean dnIsPersistent()"
11:05:12,753 (main) DEBUG [DataNucleus.Enhancer] - Agregando el metodo "boolean dnIsTransactional()"
11:05:12,753 (main) DEBUG [DataNucleus.Enhancer] - Agregando el metodo "void dnMakeDirty(java.lang.String fieldName)"
11:05:12,753 (main) DEBUG [DataNucleus.Enhancer] - Agregando el metodo "java.lang.Object dnNewObjectIdInstance()"
11:05:12,754 (main) DEBUG [DataNucleus.Enhancer] - Agregando el metodo "java.lang.Object dnNewObjectIdInstance(java.lang.Object key)"
11:05:12,754 (main) DEBUG [DataNucleus.Enhancer] - Agregando el metodo "void dnProvideFields([I indices)"
11:05:12,754 (main) DEBUG [DataNucleus.Enhancer] - Agregando el metodo "void dnReplaceFields([I indices)"
11:05:12,754 (main) DEBUG [DataNucleus.Enhancer] - Agregando el metodo "void dnReplaceFlags()"
11:05:12,754 (main) DEBUG [DataNucleus.Enhancer] - Agregando el metodo "void dnReplaceStateManager(org.datanucleus.enhancement.StateManager sm)"
11:05:12,754 (main) DEBUG [DataNucleus.Enhancer] - Agregando el metodo "boolean dnIsDetached()"
11:05:12,754 (main) DEBUG [DataNucleus.Enhancer] - Agregando el metodo "org.datanucleus.enhancement.Persistable dnNewInstance(org.datanucleus.enhancement.StateManager sm)"
11:05:12,754 (main) DEBUG [DataNucleus.Enhancer] - Agregando el metodo "org.datanucleus.enhancement.Persistable dnNewInstance(org.datanucleus.enhancement.StateManager sm, java.lang.Object obj)"
11:05:12,755 (main) DEBUG [DataNucleus.Enhancer] - Agregando el metodo "void dnReplaceField(int index)"
11:05:12,755 (main) DEBUG [DataNucleus.Enhancer] - Agregando el metodo "void dnProvideField(int index)"
11:05:12,755 (main) DEBUG [DataNucleus.Enhancer] - Agregando el metodo "void dnCopyField(com.example.User obj, int index)"
11:05:12,755 (main) DEBUG [DataNucleus.Enhancer] - Agregando el metodo "void dnCopyFields(java.lang.Object obj, [I indices)"
11:05:12,755 (main) DEBUG [DataNucleus.Enhancer] - Agregando el metodo "[Ljava.lang.String; __dnFieldNamesInit()"
11:05:12,755 (main) DEBUG [DataNucleus.Enhancer] - Agregando el metodo "int __dnGetInheritedFieldCount()"
11:05:12,755 (main) DEBUG [DataNucleus.Enhancer] - Agregando el metodo "int dnGetManagedFieldCount()"
11:05:12,756 (main) DEBUG [DataNucleus.Enhancer] - Agregando el metodo "java.lang.Class ___dn$loadClass(java.lang.String className)"
11:05:12,756 (main) DEBUG [DataNucleus.Enhancer] - Agregando el metodo "int dnGetcode(com.example.User objPC)"
11:05:12,756 (main) DEBUG [DataNucleus.Enhancer] - Agregando el metodo "void dnSetcode(com.example.User objPC, int val)"
11:05:12,756 (main) DEBUG [DataNucleus.Enhancer] - Agregando el metodo "java.lang.String dnGetname(com.example.User objPC)"
11:05:12,757 (main) DEBUG [DataNucleus.Enhancer] - Agregando el metodo "void dnSetname(com.example.User objPC, java.lang.String val)"
11:05:12,757 (main) DEBUG [DataNucleus.Enhancer] - Agregando el metodo "java.lang.String dnGetsurname(com.example.User objPC)"
11:05:12,757 (main) DEBUG [DataNucleus.Enhancer] - Agregando el metodo "void dnSetsurname(com.example.User objPC, java.lang.String val)"
11:05:12,758 (main) INFO  [DataNucleus.Enhancer] - Escribiendo el archivo de clase "C:\Users\oierf\git\spq-example\target\classes\com\example\User.class" con definicion enhanced
11:05:12,758 (main) INFO  [DataNucleus.Enhancer] - ENHANCED (Persistable) : com.example.User
11:05:12,758 (main) DEBUG [DataNucleus.Enhancer] - Enhance de la clase "com.example.User" ha terminado
11:05:12,759 (main) INFO  [DataNucleus.Enhancer] - DataNucleus Enhancer ha terminado con exito para 1 clases. Tiempos : input=98 ms, enhance=47 ms, total=145 ms. Compruebe el LOG para los detalles
